<?xml version="1.0" encoding="UTF-8"?>
<testng-results ignored="0" total="1" passed="1" failed="0" skipped="0">
  <reporter-output>
  </reporter-output>
  <suite started-at="2023-09-05T13:33:45 IST" name="Default suite" finished-at="2023-09-05T13:34:12 IST" duration-ms="27373">
    <groups>
    </groups>
    <test started-at="2023-09-05T13:33:45 IST" name="Default test" finished-at="2023-09-05T13:34:12 IST" duration-ms="27373">
      <class name="com.forms.SelectSubjects">
        <test-method is-config="true" signature="openBrowser()[pri:0, instance:com.forms.SelectSubjects@a1153bc]" started-at="2023-09-05T13:33:45 IST" name="openBrowser" finished-at="2023-09-05T13:33:49 IST" duration-ms="3955" status="PASS">
          <reporter-output>
          </reporter-output>
        </test-method> <!-- openBrowser -->
        <test-method signature="selectSubjects()[pri:0, instance:com.forms.SelectSubjects@a1153bc]" started-at="2023-09-05T13:33:49 IST" name="selectSubjects" finished-at="2023-09-05T13:34:11 IST" duration-ms="22044" status="PASS">
          <reporter-output>
          </reporter-output>
        </test-method> <!-- selectSubjects -->
        <test-method is-config="true" signature="closeBrowser()[pri:0, instance:com.forms.SelectSubjects@a1153bc]" started-at="2023-09-05T13:34:11 IST" name="closeBrowser" finished-at="2023-09-05T13:34:12 IST" duration-ms="1332" status="PASS">
          <reporter-output>
          </reporter-output>
        </test-method> <!-- closeBrowser -->
      </class> <!-- com.forms.SelectSubjects -->
    </test> <!-- Default test -->
  </suite> <!-- Default suite -->
</testng-results>
